#
# There is insufficient memory for the Java Runtime Environment to continue.
# Native memory allocation (malloc) failed to allocate 244576 bytes. Error detail: Chunk::new
# Possible reasons:
#   The system is out of physical RAM or swap space
#   This process is running with CompressedOops enabled, and the Java Heap may be blocking the growth of the native heap
# Possible solutions:
#   Reduce memory load on the system
#   Increase physical memory or swap space
#   Check if swap backing store is full
#   Decrease Java heap size (-Xmx/-Xms)
#   Decrease number of Java threads
#   Decrease Java thread stack sizes (-Xss)
#   Set larger code cache with -XX:ReservedCodeCacheSize=
#   JVM is running with Unscaled Compressed Oops mode in which the Java heap is
#     placed in the first 4GB address space. The Java Heap base address is the
#     maximum limit for the native heap growth. Please use -XX:HeapBaseMinAddress
#     to set the Java Heap base and to place the Java Heap above 4GB virtual address.
# This output file may be truncated or incomplete.
#
#  Out of Memory Error (arena.cpp:191), pid=78540, tid=78468
#
# JRE version: OpenJDK Runtime Environment Temurin-17.0.12+7 (17.0.12+7) (build 17.0.12+7)
# Java VM: OpenJDK 64-Bit Server VM Temurin-17.0.12+7 (17.0.12+7, mixed mode, tiered, compressed oops, compressed class ptrs, parallel gc, windows-amd64)
# No core dump will be written. Minidumps are not enabled by default on client versions of Windows
#

---------------  S U M M A R Y ------------

Command Line: --add-modules=ALL-SYSTEM --add-opens=java.base/java.util=ALL-UNNAMED --add-opens=java.base/java.lang=ALL-UNNAMED --add-opens=java.base/sun.nio.fs=ALL-UNNAMED -Declipse.application=org.eclipse.jdt.ls.core.id1 -Dosgi.bundles.defaultStartLevel=4 -Declipse.product=org.eclipse.jdt.ls.core.product -Djava.import.generatesMetadataFilesAtProjectRoot=false -DDetectVMInstallationsJob.disabled=true -Dfile.encoding=utf8 -XX:+UseParallelGC -XX:GCTimeRatio=4 -XX:AdaptiveSizePolicyWeight=90 -Dsun.zip.disableMemoryMapping=true -Xmx1G -Xms100m -Xlog:disable -javaagent:c:\Users\karnam harika\.vscode\extensions\redhat.java-1.35.1-win32-x64\lombok\lombok-1.18.33.jar c:\Users\karnam harika\.vscode\extensions\redhat.java-1.35.1-win32-x64\server\plugins\org.eclipse.equinox.launcher_1.6.900.v20240613-2009.jar -configuration c:\Users\karnam harika\AppData\Roaming\Code\User\globalStorage\redhat.java\1.35.1\config_ss_win -data c:\Users\karnam harika\AppData\Roaming\Code\User\workspaceStorage\6dc2079628fd1e36c3c0638c60f8585d\redhat.java\ss_ws --pipe=\\.\pipe\lsp-087ae69731064135516adae765383aba-sock

Host: Intel(R) Core(TM) i5-8265U CPU @ 1.60GHz, 8 cores, 7G,  Windows 11 , 64 bit Build 22621 (10.0.22621.5415)
Time: Fri Oct 24 12:48:59 2025 India Standard Time elapsed time: 0.589979 seconds (0d 0h 0m 0s)

---------------  T H R E A D  ---------------

Current thread (0x00000224fa7eaf00):  JavaThread "C2 CompilerThread0" daemon [_thread_in_native, id=78468, stack(0x0000005553200000,0x0000005553300000)]


Current CompileTask:
C2:    590  644       4       lombok.patcher.PatchScript::classMatches (41 bytes)

Stack: [0x0000005553200000,0x0000005553300000]
Native frames: (J=compiled Java code, j=interpreted, Vv=VM code, C=native code)
V  [jvm.dll+0x67f929]
V  [jvm.dll+0x8371ba]
V  [jvm.dll+0x838c7e]
V  [jvm.dll+0x8392e3]
V  [jvm.dll+0x24834f]
V  [jvm.dll+0xac9d4]
V  [jvm.dll+0xad01c]
V  [jvm.dll+0x2af96f]
V  [jvm.dll+0x5868d7]
V  [jvm.dll+0x2231c2]
V  [jvm.dll+0x2235bf]
V  [jvm.dll+0x21c6e0]
V  [jvm.dll+0x219be1]
V  [jvm.dll+0x1a58bd]
V  [jvm.dll+0x229a2d]
V  [jvm.dll+0x227bdc]
V  [jvm.dll+0x7ec1f7]
V  [jvm.dll+0x7e65dc]
V  [jvm.dll+0x67e7f7]
C  [ucrtbase.dll+0x29333]
C  [KERNEL32.DLL+0x1259d]
C  [ntdll.dll+0x5af78]


---------------  P R O C E S S  ---------------

Threads class SMR info:
_java_thread_list=0x00000224fb732700, length=12, elements={
0x00000224ee6ee5e0, 0x00000224f54ca810, 0x00000224f54ccc50, 0x00000224fa7def20,
0x00000224fa7e1cc0, 0x00000224fa7e4c60, 0x00000224fa7e6d50, 0x00000224fa7eaf00,
0x00000224fa7ec970, 0x00000224fa7ffe60, 0x00000224fa910740, 0x00000224fab3e5b0
}

Java Threads: ( => current thread )
  0x00000224ee6ee5e0 JavaThread "main" [_thread_in_Java, id=74552, stack(0x0000005552900000,0x0000005552a00000)]
  0x00000224f54ca810 JavaThread "Reference Handler" daemon [_thread_blocked, id=76592, stack(0x0000005552c00000,0x0000005552d00000)]
  0x00000224f54ccc50 JavaThread "Finalizer" daemon [_thread_blocked, id=76936, stack(0x0000005552d00000,0x0000005552e00000)]
  0x00000224fa7def20 JavaThread "Signal Dispatcher" daemon [_thread_blocked, id=77672, stack(0x0000005552e00000,0x0000005552f00000)]
  0x00000224fa7e1cc0 JavaThread "Attach Listener" daemon [_thread_blocked, id=78472, stack(0x0000005552f00000,0x0000005553000000)]
  0x00000224fa7e4c60 JavaThread "Service Thread" daemon [_thread_blocked, id=69604, stack(0x0000005553000000,0x0000005553100000)]
  0x00000224fa7e6d50 JavaThread "Monitor Deflation Thread" daemon [_thread_blocked, id=71292, stack(0x0000005553100000,0x0000005553200000)]
=>0x00000224fa7eaf00 JavaThread "C2 CompilerThread0" daemon [_thread_in_native, id=78468, stack(0x0000005553200000,0x0000005553300000)]
  0x00000224fa7ec970 JavaThread "C1 CompilerThread0" daemon [_thread_in_native, id=78140, stack(0x0000005553300000,0x0000005553400000)]
  0x00000224fa7ffe60 JavaThread "Sweeper thread" daemon [_thread_blocked, id=75044, stack(0x0000005553400000,0x0000005553500000)]
  0x00000224fa910740 JavaThread "Common-Cleaner" daemon [_thread_blocked, id=67576, stack(0x0000005553500000,0x0000005553600000)]
  0x00000224fab3e5b0 JavaThread "Notification Thread" daemon [_thread_blocked, id=74592, stack(0x0000005553600000,0x0000005553700000)]

Other Threads:
  0x00000224ee79d3b0 VMThread "VM Thread" [stack: 0x0000005552b00000,0x0000005552c00000] [id=72528]
  0x00000224fab7e010 WatcherThread [stack: 0x0000005553700000,0x0000005553800000] [id=30644]
  0x00000224ee6fd160 GCTaskThread "GC Thread#0" [stack: 0x0000005552a00000,0x0000005552b00000] [id=75328]

Threads with active compile tasks:
C2 CompilerThread0      636  644       4       lombok.patcher.PatchScript::classMatches (41 bytes)
C1 CompilerThread0      636  755   !   3       java.security.cert.Certificate::equals (38 bytes)

VM state: not at safepoint (normal execution)

VM Mutex/Monitor currently owned by a thread: None

Heap address: 0x00000000c0000000, size: 1024 MB, Compressed Oops mode: 32-bit

CDS archive(s) not mapped
Compressed class space mapped at: 0x0000000100000000-0x0000000140000000, reserved size: 1073741824
Narrow klass base: 0x0000000000000000, Narrow klass shift: 3, Narrow klass range: 0x140000000

GC Precious Log:
 CPUs: 8 total, 8 available
 Memory: 8037M
 Large Page Support: Disabled
 NUMA Support: Disabled
 Compressed Oops: Enabled (32-bit)
 Alignments: Space 512K, Generation 512K, Heap 2M
 Heap Min Capacity: 100M
 Heap Initial Capacity: 100M
 Heap Max Capacity: 1G
 Pre-touch: Disabled
 Parallel Workers: 8

Heap:
 PSYoungGen      total 29696K, used 19232K [0x00000000eab00000, 0x00000000ecc00000, 0x0000000100000000)
  eden space 25600K, 75% used [0x00000000eab00000,0x00000000ebdc8150,0x00000000ec400000)
  from space 4096K, 0% used [0x00000000ec800000,0x00000000ec800000,0x00000000ecc00000)
  to   space 4096K, 0% used [0x00000000ec400000,0x00000000ec400000,0x00000000ec800000)
 ParOldGen       total 68608K, used 0K [0x00000000c0000000, 0x00000000c4300000, 0x00000000eab00000)
  object space 68608K, 0% used [0x00000000c0000000,0x00000000c0000000,0x00000000c4300000)
 Metaspace       used 9901K, committed 10112K, reserved 1114112K
  class space    used 984K, committed 1088K, reserved 1048576K

Card table byte_map: [0x00000224f2d60000,0x00000224f2f70000] _byte_map_base: 0x00000224f2760000

Marking Bits: (ParMarkBitMap*) 0x00007ff841e758b0
 Begin Bits: [0x00000224f30d0000, 0x00000224f40d0000)
 End Bits:   [0x00000224f40d0000, 0x00000224f50d0000)

Polling page: 0x00000224ee7a0000

Metaspace:

Usage:
  Non-class:      8.71 MB used.
      Class:    984.79 KB used.
       Both:      9.67 MB used.

Virtual space:
  Non-class space:       64.00 MB reserved,       8.81 MB ( 14%) committed,  1 nodes.
      Class space:        1.00 GB reserved,       1.06 MB ( <1%) committed,  1 nodes.
             Both:        1.06 GB reserved,       9.88 MB ( <1%) committed. 

Chunk freelists:
   Non-Class:  6.72 MB
       Class:  14.99 MB
        Both:  21.71 MB

MaxMetaspaceSize: unlimited
CompressedClassSpaceSize: 1.00 GB
Initial GC threshold: 21.00 MB
Current GC threshold: 21.00 MB
CDS: off
MetaspaceReclaimPolicy: balanced
 - commit_granule_bytes: 65536.
 - commit_granule_words: 8192.
 - virtual_space_node_default_size: 8388608.
 - enlarge_chunks_in_place: 1.
 - new_chunks_are_fully_committed: 0.
 - uncommit_free_chunks: 1.
 - use_allocation_guard: 0.
 - handle_deallocations: 1.


Internal statistics:

num_allocs_failed_limit: 0.
num_arena_births: 14.
num_arena_deaths: 0.
num_vsnodes_births: 2.
num_vsnodes_deaths: 0.
num_space_committed: 158.
num_space_uncommitted: 0.
num_chunks_returned_to_freelist: 0.
num_chunks_taken_from_freelist: 64.
num_chunk_merges: 0.
num_chunk_splits: 38.
num_chunks_enlarged: 32.
num_inconsistent_stats: 0.

CodeHeap 'non-profiled nmethods': size=120000Kb used=241Kb max_used=241Kb free=119758Kb
 bounds [0x0000022487ad0000, 0x0000022487d40000, 0x000002248f000000]
CodeHeap 'profiled nmethods': size=120000Kb used=1283Kb max_used=1283Kb free=118716Kb
 bounds [0x0000022480000000, 0x0000022480270000, 0x0000022487530000]
CodeHeap 'non-nmethods': size=5760Kb used=1138Kb max_used=1158Kb free=4621Kb
 bounds [0x0000022487530000, 0x00000224877a0000, 0x0000022487ad0000]
 total_blobs=1165 nmethods=740 adapters=340
 compilation: enabled
              stopped_count=0, restarted_count=0
 full_count=0

Compilation events (20 events):
Event: 0.560 Thread 0x00000224fa7ec970 nmethod 710 0x0000022480120990 code [0x0000022480120b60, 0x0000022480121178]
Event: 0.560 Thread 0x00000224fa7ec970  711       3       java.util.Hashtable$Entry::<init> (26 bytes)
Event: 0.560 Thread 0x00000224fa7ec970 nmethod 711 0x0000022480121410 code [0x00000224801215a0, 0x0000022480121758]
Event: 0.560 Thread 0x00000224fa7ec970  712       3       sun.security.util.SignatureFileVerifier::updateSigners (132 bytes)
Event: 0.561 Thread 0x00000224fa7ec970 nmethod 712 0x0000022480121810 code [0x0000022480121ac0, 0x0000022480122a18]
Event: 0.561 Thread 0x00000224fa7ec970  713       3       sun.security.util.SignatureFileVerifier::matches (93 bytes)
Event: 0.561 Thread 0x00000224fa7eaf00 nmethod 707 0x0000022487b09890 code [0x0000022487b09a00, 0x0000022487b09b58]
Event: 0.561 Thread 0x00000224fa7eaf00  640 %     4       sun.security.provider.SHA2::implCompress0 @ 220 (490 bytes)
Event: 0.562 Thread 0x00000224fa7ec970 nmethod 713 0x0000022480123090 code [0x00000224801232c0, 0x0000022480123b78]
Event: 0.563 Thread 0x00000224fa7ec970  714       3       jdk.internal.reflect.ClassFileAssembler::emitByte (11 bytes)
Event: 0.563 Thread 0x00000224fa7ec970 nmethod 714 0x0000022480123e90 code [0x0000022480124040, 0x00000224801241c8]
Event: 0.563 Thread 0x00000224fa7ec970  715       3       jdk.internal.reflect.ByteVectorImpl::add (38 bytes)
Event: 0.563 Thread 0x00000224fa7ec970 nmethod 715 0x0000022480124310 code [0x00000224801244c0, 0x0000022480124688]
Event: 0.570 Thread 0x00000224fa7eaf00 nmethod 640% 0x0000022487b09d10 code [0x0000022487b09ea0, 0x0000022487b0a6d8]
Event: 0.570 Thread 0x00000224fa7eaf00  644       4       lombok.patcher.PatchScript::classMatches (41 bytes)
Event: 0.576 Thread 0x00000224fa7ec970  716       3       lombok.eclipse.agent.EclipsePatcher$1::shouldTransform (107 bytes)
Event: 0.577 Thread 0x00000224fa7ec970 nmethod 716 0x0000022480124790 code [0x0000022480124b20, 0x0000022480126298]
Event: 0.577 Thread 0x00000224fa7ec970  718       3       java.io.InputStream::<init> (5 bytes)
Event: 0.577 Thread 0x00000224fa7ec970 nmethod 718 0x0000022480126a10 code [0x0000022480126ba0, 0x0000022480126cf8]
Event: 0.586 Thread 0x00000224fa7ec970  719   !   3       java.util.zip.InflaterInputStream::read (138 bytes)

GC Heap History (0 events):
No events

Dll operation events (8 events):
Event: 0.015 Loaded shared library c:\Users\karnam harika\.vscode\extensions\redhat.java-1.35.1-win32-x64\jre\17.0.12-win32-x86_64\bin\java.dll
Event: 0.154 Loaded shared library c:\Users\karnam harika\.vscode\extensions\redhat.java-1.35.1-win32-x64\jre\17.0.12-win32-x86_64\bin\zip.dll
Event: 0.157 Loaded shared library C:\Users\karnam harika\.vscode\extensions\redhat.java-1.35.1-win32-x64\jre\17.0.12-win32-x86_64\bin\instrument.dll
Event: 0.168 Loaded shared library C:\Users\karnam harika\.vscode\extensions\redhat.java-1.35.1-win32-x64\jre\17.0.12-win32-x86_64\bin\net.dll
Event: 0.169 Loaded shared library C:\Users\karnam harika\.vscode\extensions\redhat.java-1.35.1-win32-x64\jre\17.0.12-win32-x86_64\bin\nio.dll
Event: 0.176 Loaded shared library C:\Users\karnam harika\.vscode\extensions\redhat.java-1.35.1-win32-x64\jre\17.0.12-win32-x86_64\bin\zip.dll
Event: 0.187 Loaded shared library C:\Users\karnam harika\.vscode\extensions\redhat.java-1.35.1-win32-x64\jre\17.0.12-win32-x86_64\bin\jimage.dll
Event: 0.238 Loaded shared library c:\Users\karnam harika\.vscode\extensions\redhat.java-1.35.1-win32-x64\jre\17.0.12-win32-x86_64\bin\verify.dll

Deoptimization events (20 events):
Event: 0.559 Thread 0x00000224ee6ee5e0 DEOPT PACKING pc=0x00000224800d6b5a sp=0x00000055529fe900
Event: 0.559 Thread 0x00000224ee6ee5e0 DEOPT UNPACKING pc=0x0000022487586e43 sp=0x00000055529fdd58 mode 0
Event: 0.559 Thread 0x00000224ee6ee5e0 DEOPT PACKING pc=0x00000224800d6b5a sp=0x00000055529fe900
Event: 0.559 Thread 0x00000224ee6ee5e0 DEOPT UNPACKING pc=0x0000022487586e43 sp=0x00000055529fdd58 mode 0
Event: 0.565 Thread 0x00000224ee6ee5e0 DEOPT PACKING pc=0x00000224800d6b5a sp=0x00000055529febe0
Event: 0.565 Thread 0x00000224ee6ee5e0 DEOPT UNPACKING pc=0x0000022487586e43 sp=0x00000055529fe038 mode 0
Event: 0.565 Thread 0x00000224ee6ee5e0 DEOPT PACKING pc=0x00000224800d6b5a sp=0x00000055529febe0
Event: 0.565 Thread 0x00000224ee6ee5e0 DEOPT UNPACKING pc=0x0000022487586e43 sp=0x00000055529fe038 mode 0
Event: 0.566 Thread 0x00000224ee6ee5e0 DEOPT PACKING pc=0x00000224800d6b5a sp=0x00000055529febe0
Event: 0.566 Thread 0x00000224ee6ee5e0 DEOPT UNPACKING pc=0x0000022487586e43 sp=0x00000055529fe038 mode 0
Event: 0.567 Thread 0x00000224ee6ee5e0 DEOPT PACKING pc=0x00000224800d6b5a sp=0x00000055529febe0
Event: 0.567 Thread 0x00000224ee6ee5e0 DEOPT UNPACKING pc=0x0000022487586e43 sp=0x00000055529fe038 mode 0
Event: 0.567 Thread 0x00000224ee6ee5e0 DEOPT PACKING pc=0x00000224800d6b5a sp=0x00000055529febe0
Event: 0.567 Thread 0x00000224ee6ee5e0 DEOPT UNPACKING pc=0x0000022487586e43 sp=0x00000055529fe038 mode 0
Event: 0.576 Thread 0x00000224ee6ee5e0 DEOPT PACKING pc=0x00000224800d6b5a sp=0x00000055529fac30
Event: 0.577 Thread 0x00000224ee6ee5e0 DEOPT UNPACKING pc=0x0000022487586e43 sp=0x00000055529fa088 mode 0
Event: 0.579 Thread 0x00000224ee6ee5e0 DEOPT PACKING pc=0x00000224800d6b5a sp=0x00000055529f8fe0
Event: 0.579 Thread 0x00000224ee6ee5e0 DEOPT UNPACKING pc=0x0000022487586e43 sp=0x00000055529f8438 mode 0
Event: 0.586 Thread 0x00000224ee6ee5e0 DEOPT PACKING pc=0x00000224800d6c32 sp=0x00000055529fdfc0
Event: 0.586 Thread 0x00000224ee6ee5e0 DEOPT UNPACKING pc=0x0000022487586e43 sp=0x00000055529fd418 mode 0

Classes loaded (20 events):
Event: 0.567 Loading class java/io/FilePermission
Event: 0.568 Loading class java/io/FilePermission done
Event: 0.568 Loading class java/io/FilePermission$1
Event: 0.568 Loading class jdk/internal/access/JavaIOFilePermissionAccess
Event: 0.568 Loading class jdk/internal/access/JavaIOFilePermissionAccess done
Event: 0.568 Loading class java/io/FilePermission$1 done
Event: 0.568 Loading class sun/security/util/FilePermCompat
Event: 0.568 Loading class sun/security/util/FilePermCompat done
Event: 0.568 Loading class sun/security/util/SecurityProperties
Event: 0.568 Loading class sun/security/util/SecurityProperties done
Event: 0.569 Loading class java/io/FilePermissionCollection
Event: 0.569 Loading class java/io/FilePermissionCollection done
Event: 0.569 Loading class java/io/FilePermissionCollection$1
Event: 0.569 Loading class java/io/FilePermissionCollection$1 done
Event: 0.576 Loading class java/util/EventListener
Event: 0.576 Loading class java/util/EventListener done
Event: 0.580 Loading class java/lang/InterruptedException
Event: 0.580 Loading class java/lang/InterruptedException done
Event: 0.582 Loading class java/util/concurrent/Semaphore
Event: 0.584 Loading class java/util/concurrent/Semaphore done

Classes unloaded (0 events):
No events

Classes redefined (0 events):
No events

Internal exceptions (8 events):
Event: 0.134 Thread 0x00000224ee6ee5e0 Exception <a 'java/lang/NoSuchMethodError'{0x00000000eacb5028}: 'void java.lang.invoke.DirectMethodHandle$Holder.invokeStatic(java.lang.Object, java.lang.Object, java.lang.Object)'> (0x00000000eacb5028) 
thrown [s\src\hotspot\share\interpreter\linkResolver.cpp, line 759]
Event: 0.254 Thread 0x00000224ee6ee5e0 Exception <a 'java/lang/reflect/InvocationTargetException'{0x00000000eaff91e0}> (0x00000000eaff91e0) 
thrown [s\src\hotspot\share\runtime\reflection.cpp, line 1128]
Event: 0.448 Thread 0x00000224ee6ee5e0 Exception <a 'java/lang/ClassNotFoundException'{0x00000000eb8a0c28}: sun/net/www/protocol/c/Handler> (0x00000000eb8a0c28) 
thrown [s\src\hotspot\share\classfile\systemDictionary.cpp, line 256]
Event: 0.467 Thread 0x00000224ee6ee5e0 Exception <a 'java/io/FileNotFoundException'{0x00000000eb8b8b18}> (0x00000000eb8b8b18) 
thrown [s\src\hotspot\share\prims\jni.cpp, line 516]
Event: 0.467 Thread 0x00000224ee6ee5e0 Exception <a 'java/io/FileNotFoundException'{0x00000000eb8b9880}> (0x00000000eb8b9880) 
thrown [s\src\hotspot\share\prims\jni.cpp, line 516]
Event: 0.468 Thread 0x00000224ee6ee5e0 Exception <a 'java/io/FileNotFoundException'{0x00000000eb8ba5c8}> (0x00000000eb8ba5c8) 
thrown [s\src\hotspot\share\prims\jni.cpp, line 516]
Event: 0.468 Thread 0x00000224ee6ee5e0 Exception <a 'java/io/FileNotFoundException'{0x00000000eb8bb2e0}> (0x00000000eb8bb2e0) 
thrown [s\src\hotspot\share\prims\jni.cpp, line 516]
Event: 0.477 Thread 0x00000224ee6ee5e0 Exception <a 'java/io/FileNotFoundException'{0x00000000eb8f5c00}> (0x00000000eb8f5c00) 
thrown [s\src\hotspot\share\prims\jni.cpp, line 516]

VM Operations (6 events):
Event: 0.137 Executing VM operation: HandshakeAllThreads
Event: 0.137 Executing VM operation: HandshakeAllThreads done
Event: 0.427 Executing VM operation: HandshakeAllThreads
Event: 0.427 Executing VM operation: HandshakeAllThreads done
Event: 0.440 Executing VM operation: HandshakeAllThreads
Event: 0.440 Executing VM operation: HandshakeAllThreads done

Events (12 events):
Event: 0.040 Thread 0x00000224ee6ee5e0 Thread added: 0x00000224ee6ee5e0
Event: 0.048 Thread 0x00000224f54ca810 Thread added: 0x00000224f54ca810
Event: 0.048 Thread 0x00000224f54ccc50 Thread added: 0x00000224f54ccc50
Event: 0.068 Thread 0x00000224fa7def20 Thread added: 0x00000224fa7def20
Event: 0.069 Thread 0x00000224fa7e1cc0 Thread added: 0x00000224fa7e1cc0
Event: 0.069 Thread 0x00000224fa7e4c60 Thread added: 0x00000224fa7e4c60
Event: 0.069 Thread 0x00000224fa7e6d50 Thread added: 0x00000224fa7e6d50
Event: 0.069 Thread 0x00000224fa7eaf00 Thread added: 0x00000224fa7eaf00
Event: 0.069 Thread 0x00000224fa7ec970 Thread added: 0x00000224fa7ec970
Event: 0.069 Thread 0x00000224fa7ffe60 Thread added: 0x00000224fa7ffe60
Event: 0.123 Thread 0x00000224fa910740 Thread added: 0x00000224fa910740
Event: 0.312 Thread 0x00000224fab3e5b0 Thread added: 0x00000224fab3e5b0


Dynamic libraries:
0x00007ff65e5d0000 - 0x00007ff65e5de000 	c:\Users\karnam harika\.vscode\extensions\redhat.java-1.35.1-win32-x64\jre\17.0.12-win32-x86_64\bin\java.exe
0x00007ff8ea190000 - 0x00007ff8ea3a7000 	C:\WINDOWS\SYSTEM32\ntdll.dll
0x00007ff8e8b10000 - 0x00007ff8e8bd4000 	C:\WINDOWS\System32\KERNEL32.DLL
0x00007ff8e75b0000 - 0x00007ff8e7982000 	C:\WINDOWS\System32\KERNELBASE.dll
0x00007ff8e7c60000 - 0x00007ff8e7d71000 	C:\WINDOWS\System32\ucrtbase.dll
0x00007ff8cbf60000 - 0x00007ff8cbf77000 	c:\Users\karnam harika\.vscode\extensions\redhat.java-1.35.1-win32-x64\jre\17.0.12-win32-x86_64\bin\jli.dll
0x00007ff8cd610000 - 0x00007ff8cd62b000 	c:\Users\karnam harika\.vscode\extensions\redhat.java-1.35.1-win32-x64\jre\17.0.12-win32-x86_64\bin\VCRUNTIME140.dll
0x00007ff8e7e80000 - 0x00007ff8e8031000 	C:\WINDOWS\System32\USER32.dll
0x00007ff8e7580000 - 0x00007ff8e75a6000 	C:\WINDOWS\System32\win32u.dll
0x00007ff8cdaf0000 - 0x00007ff8cdd8b000 	C:\WINDOWS\WinSxS\amd64_microsoft.windows.common-controls_6595b64144ccf1df_6.0.22621.5547_none_27104afb73855772\COMCTL32.dll
0x00007ff8e8be0000 - 0x00007ff8e8c09000 	C:\WINDOWS\System32\GDI32.dll
0x00007ff8e8270000 - 0x00007ff8e8317000 	C:\WINDOWS\System32\msvcrt.dll
0x00007ff8e7b00000 - 0x00007ff8e7c23000 	C:\WINDOWS\System32\gdi32full.dll
0x00007ff8e7d80000 - 0x00007ff8e7e1a000 	C:\WINDOWS\System32\msvcp_win.dll
0x00007ff8e9b40000 - 0x00007ff8e9b71000 	C:\WINDOWS\System32\IMM32.DLL
0x00007ff8cb910000 - 0x00007ff8cb91c000 	c:\Users\karnam harika\.vscode\extensions\redhat.java-1.35.1-win32-x64\jre\17.0.12-win32-x86_64\bin\vcruntime140_1.dll
0x00007ff890310000 - 0x00007ff89039d000 	c:\Users\karnam harika\.vscode\extensions\redhat.java-1.35.1-win32-x64\jre\17.0.12-win32-x86_64\bin\msvcp140.dll
0x00007ff8412d0000 - 0x00007ff841f3a000 	c:\Users\karnam harika\.vscode\extensions\redhat.java-1.35.1-win32-x64\jre\17.0.12-win32-x86_64\bin\server\jvm.dll
0x00007ff8e9d80000 - 0x00007ff8e9e31000 	C:\WINDOWS\System32\ADVAPI32.dll
0x00007ff8e8a60000 - 0x00007ff8e8b08000 	C:\WINDOWS\System32\sechost.dll
0x00007ff8e7c30000 - 0x00007ff8e7c58000 	C:\WINDOWS\System32\bcrypt.dll
0x00007ff8e83d0000 - 0x00007ff8e84e4000 	C:\WINDOWS\System32\RPCRT4.dll
0x00007ff8e9b80000 - 0x00007ff8e9bf1000 	C:\WINDOWS\System32\WS2_32.dll
0x00007ff8e6310000 - 0x00007ff8e635d000 	C:\WINDOWS\SYSTEM32\POWRPROF.dll
0x00007ff8e1c20000 - 0x00007ff8e1c2a000 	C:\WINDOWS\SYSTEM32\VERSION.dll
0x00007ff8cb490000 - 0x00007ff8cb4c4000 	C:\WINDOWS\SYSTEM32\WINMM.dll
0x00007ff8e6250000 - 0x00007ff8e6263000 	C:\WINDOWS\SYSTEM32\UMPDC.dll
0x00007ff8e6360000 - 0x00007ff8e6378000 	C:\WINDOWS\SYSTEM32\kernel.appcore.dll
0x00007ff8cb590000 - 0x00007ff8cb59a000 	c:\Users\karnam harika\.vscode\extensions\redhat.java-1.35.1-win32-x64\jre\17.0.12-win32-x86_64\bin\jimage.dll
0x00007ff8e4670000 - 0x00007ff8e48a3000 	C:\WINDOWS\SYSTEM32\DBGHELP.DLL
0x00007ff8e84f0000 - 0x00007ff8e8883000 	C:\WINDOWS\System32\combase.dll
0x00007ff8e9e40000 - 0x00007ff8e9f17000 	C:\WINDOWS\System32\OLEAUT32.dll
0x00007ff8c68b0000 - 0x00007ff8c68e2000 	C:\WINDOWS\SYSTEM32\dbgcore.DLL
0x00007ff8e7500000 - 0x00007ff8e757b000 	C:\WINDOWS\System32\bcryptPrimitives.dll
0x00007ff8cb310000 - 0x00007ff8cb31e000 	c:\Users\karnam harika\.vscode\extensions\redhat.java-1.35.1-win32-x64\jre\17.0.12-win32-x86_64\bin\instrument.dll
0x00007ff8bf8d0000 - 0x00007ff8bf8f5000 	c:\Users\karnam harika\.vscode\extensions\redhat.java-1.35.1-win32-x64\jre\17.0.12-win32-x86_64\bin\java.dll
0x00007ff8cb040000 - 0x00007ff8cb058000 	c:\Users\karnam harika\.vscode\extensions\redhat.java-1.35.1-win32-x64\jre\17.0.12-win32-x86_64\bin\zip.dll
0x00007ff8e8c10000 - 0x00007ff8e94b2000 	C:\WINDOWS\System32\SHELL32.dll
0x00007ff8e7280000 - 0x00007ff8e73bf000 	C:\WINDOWS\System32\wintypes.dll
0x00007ff8e5160000 - 0x00007ff8e5a7d000 	C:\WINDOWS\SYSTEM32\windows.storage.dll
0x00007ff8e95b0000 - 0x00007ff8e96bc000 	C:\WINDOWS\System32\SHCORE.dll
0x00007ff8e8050000 - 0x00007ff8e80b9000 	C:\WINDOWS\System32\shlwapi.dll
0x00007ff8e71b0000 - 0x00007ff8e71db000 	C:\WINDOWS\SYSTEM32\profapi.dll
0x00007ff8caef0000 - 0x00007ff8caf09000 	C:\Users\karnam harika\.vscode\extensions\redhat.java-1.35.1-win32-x64\jre\17.0.12-win32-x86_64\bin\net.dll
0x00007ff8e2770000 - 0x00007ff8e289c000 	C:\WINDOWS\SYSTEM32\WINHTTP.dll
0x00007ff8e67d0000 - 0x00007ff8e6839000 	C:\WINDOWS\system32\mswsock.dll
0x00007ff8cab20000 - 0x00007ff8cab36000 	C:\Users\karnam harika\.vscode\extensions\redhat.java-1.35.1-win32-x64\jre\17.0.12-win32-x86_64\bin\nio.dll
0x00007ff8cb300000 - 0x00007ff8cb310000 	c:\Users\karnam harika\.vscode\extensions\redhat.java-1.35.1-win32-x64\jre\17.0.12-win32-x86_64\bin\verify.dll

dbghelp: loaded successfully - version: 4.0.5 - missing functions: none
symbol engine: initialized successfully - sym options: 0x614 - pdb path: .;c:\Users\karnam harika\.vscode\extensions\redhat.java-1.35.1-win32-x64\jre\17.0.12-win32-x86_64\bin;C:\WINDOWS\SYSTEM32;C:\WINDOWS\WinSxS\amd64_microsoft.windows.common-controls_6595b64144ccf1df_6.0.22621.5547_none_27104afb73855772;c:\Users\karnam harika\.vscode\extensions\redhat.java-1.35.1-win32-x64\jre\17.0.12-win32-x86_64\bin\server

VM Arguments:
jvm_args: --add-modules=ALL-SYSTEM --add-opens=java.base/java.util=ALL-UNNAMED --add-opens=java.base/java.lang=ALL-UNNAMED --add-opens=java.base/sun.nio.fs=ALL-UNNAMED -Declipse.application=org.eclipse.jdt.ls.core.id1 -Dosgi.bundles.defaultStartLevel=4 -Declipse.product=org.eclipse.jdt.ls.core.product -Djava.import.generatesMetadataFilesAtProjectRoot=false -DDetectVMInstallationsJob.disabled=true -Dfile.encoding=utf8 -XX:+UseParallelGC -XX:GCTimeRatio=4 -XX:AdaptiveSizePolicyWeight=90 -Dsun.zip.disableMemoryMapping=true -Xmx1G -Xms100m -Xlog:disable -javaagent:c:\Users\karnam harika\.vscode\extensions\redhat.java-1.35.1-win32-x64\lombok\lombok-1.18.33.jar 
java_command: c:\Users\karnam harika\.vscode\extensions\redhat.java-1.35.1-win32-x64\server\plugins\org.eclipse.equinox.launcher_1.6.900.v20240613-2009.jar -configuration c:\Users\karnam harika\AppData\Roaming\Code\User\globalStorage\redhat.java\1.35.1\config_ss_win -data c:\Users\karnam harika\AppData\Roaming\Code\User\workspaceStorage\6dc2079628fd1e36c3c0638c60f8585d\redhat.java\ss_ws --pipe=\\.\pipe\lsp-087ae69731064135516adae765383aba-sock
java_class_path (initial): c:\Users\karnam harika\.vscode\extensions\redhat.java-1.35.1-win32-x64\server\plugins\org.eclipse.equinox.launcher_1.6.900.v20240613-2009.jar
Launcher Type: SUN_STANDARD

[Global flags]
    uintx AdaptiveSizePolicyWeight                 = 90                                        {product} {command line}
     intx CICompilerCount                          = 4                                         {product} {ergonomic}
    uintx GCTimeRatio                              = 4                                         {product} {command line}
   size_t InitialHeapSize                          = 104857600                                 {product} {command line}
   size_t MaxHeapSize                              = 1073741824                                {product} {command line}
   size_t MaxNewSize                               = 357564416                                 {product} {ergonomic}
   size_t MinHeapDeltaBytes                        = 524288                                    {product} {ergonomic}
   size_t MinHeapSize                              = 104857600                                 {product} {command line}
   size_t NewSize                                  = 34603008                                  {product} {ergonomic}
    uintx NonNMethodCodeHeapSize                   = 5839372                                {pd product} {ergonomic}
    uintx NonProfiledCodeHeapSize                  = 122909434                              {pd product} {ergonomic}
   size_t OldSize                                  = 70254592                                  {product} {ergonomic}
    uintx ProfiledCodeHeapSize                     = 122909434                              {pd product} {ergonomic}
    uintx ReservedCodeCacheSize                    = 251658240                              {pd product} {ergonomic}
     bool SegmentedCodeCache                       = true                                      {product} {ergonomic}
   size_t SoftMaxHeapSize                          = 1073741824                             {manageable} {ergonomic}
     bool UseCompressedClassPointers               = true                           {product lp64_product} {ergonomic}
     bool UseCompressedOops                        = true                           {product lp64_product} {ergonomic}
     bool UseLargePagesIndividualAllocation        = false                                  {pd product} {ergonomic}
     bool UseParallelGC                            = true                                      {product} {command line}

Logging:
Log output configuration:
 #0: stdout all=off uptime,level,tags
 #1: stderr all=off uptime,level,tags

Environment Variables:
JAVA_HOME=C:\Program Files\Java\jdk-20
PATH=C:\Python314\Scripts\;C:\Python314\;C:\Program Files\Common Files\Oracle\Java\javapath;C:\oracle\product\10.2.0\db_1\bin;C:\Windows\system32;C:\Windows;C:\Windows\System32\Wbem;C:\Windows\System32\WindowsPowerShell\v1.0\;C:\Windows\System32\OpenSSH\;C:\Program Files (x86)\NVIDIA Corporation\PhysX\Common;C:\Program Files\NVIDIA Corporation\NVIDIA NvDLISR;C:\WINDOWS\system32;C:\WINDOWS;C:\WINDOWS\System32\Wbem;C:\WINDOWS\System32\WindowsPowerShell\v1.0\;C:\WINDOWS\System32\OpenSSH\;C:\Program Files\Java\jdk-20\bin;C:\Program Files\Git\cmd;C:\Program Files\Tesseract-OCR;C:\Program Files\dotnet\;C:\Program Files\nodejs\;C:\ProgramData\chocolatey\bin;C:\Program Files\MySQL\MySQL Shell 8.0\bin\;C:\Users\karnam harika\AppData\Local\Programs\Python\Python38\Scripts\;C:\Users\karnam harika\AppData\Local\Programs\Python\Python38\;C:\Users\karnam harika\AppData\Local\Programs\Python\Launcher\;C:\Users\karnam harika\AppData\Local\Microsoft\WindowsApps;;C:\Users\karnam harika\AppData\Local\Programs\Microsoft VS Code\bin;C:\Users\karnam harika\AppData\Roaming\npm
USERNAME=karnam harika
OS=Windows_NT
PROCESSOR_IDENTIFIER=Intel64 Family 6 Model 142 Stepping 12, GenuineIntel
TMP=C:\Users\KARNAM~1\AppData\Local\Temp
TEMP=C:\Users\KARNAM~1\AppData\Local\Temp



Periodic native trim disabled


---------------  S Y S T E M  ---------------

OS:
 Windows 11 , 64 bit Build 22621 (10.0.22621.5415)
OS uptime: 0 days 16:54 hours
Hyper-V role detected

CPU: total 8 (initial active 8) (4 cores per cpu, 2 threads per core) family 6 model 142 stepping 12 microcode 0xea, cx8, cmov, fxsr, ht, mmx, 3dnowpref, sse, sse2, sse3, ssse3, sse4.1, sse4.2, popcnt, lzcnt, tsc, tscinvbit, avx, avx2, aes, erms, clmul, bmi1, bmi2, adx, fma, vzeroupper, clflush, clflushopt, hv
Processor Information for all 8 processors :
  Max Mhz: 1800, Current Mhz: 1600, Mhz Limit: 1584

Memory: 4k page, system-wide physical 8037M (322M free)
TotalPageFile size 17328M (AvailPageFile size 1M)
current process WorkingSet (physical memory assigned to process): 64M, peak: 64M
current process commit charge ("private bytes"): 196M, peak: 197M

vm_info: OpenJDK 64-Bit Server VM (17.0.12+7) for windows-amd64 JRE (17.0.12+7), built on Jul 16 2024 22:08:24 by "admin" with MS VC++ 16.10 / 16.11 (VS2019)

END.
