#
# There is insufficient memory for the Java Runtime Environment to continue.
# Native memory allocation (malloc) failed to allocate 247376 bytes for Chunk::new
# Possible reasons:
#   The system is out of physical RAM or swap space
#   The process is running with CompressedOops enabled, and the Java Heap may be blocking the growth of the native heap
# Possible solutions:
#   Reduce memory load on the system
#   Increase physical memory or swap space
#   Check if swap backing store is full
#   Decrease Java heap size (-Xmx/-Xms)
#   Decrease number of Java threads
#   Decrease Java thread stack sizes (-Xss)
#   Set larger code cache with -XX:ReservedCodeCacheSize=
#   JVM is running with Unscaled Compressed Oops mode in which the Java heap is
#     placed in the first 4GB address space. The Java Heap base address is the
#     maximum limit for the native heap growth. Please use -XX:HeapBaseMinAddress
#     to set the Java Heap base and to place the Java Heap above 4GB virtual address.
# This output file may be truncated or incomplete.
#
#  Out of Memory Error (arena.cpp:184), pid=76936, tid=60912
#
# JRE version: Java(TM) SE Runtime Environment (20.0.2+9) (build 20.0.2+9-78)
# Java VM: Java HotSpot(TM) 64-Bit Server VM (20.0.2+9-78, mixed mode, sharing, tiered, compressed oops, compressed class ptrs, g1 gc, windows-amd64)
# No core dump will be written. Minidumps are not enabled by default on client versions of Windows
#

---------------  S U M M A R Y ------------

Command Line: -Dapplication.home=C:\Program Files\Java\jdk-20 --add-modules=ALL-DEFAULT -Xms8m -Djdk.module.main=jdk.compiler jdk.compiler/com.sun.tools.javac.Main accessmodiers1.java

Host: Intel(R) Core(TM) i5-8265U CPU @ 1.60GHz, 8 cores, 7G,  Windows 11 , 64 bit Build 22621 (10.0.22621.5415)
Time: Fri Oct 24 12:49:15 2025 India Standard Time elapsed time: 1.657651 seconds (0d 0h 0m 1s)

---------------  T H R E A D  ---------------

Current thread (0x0000028b4c264b00):  JavaThread "C2 CompilerThread0" daemon [_thread_in_native, id=60912, stack(0x000000bfec800000,0x000000bfec900000)]


Current CompileTask:
C2:   1657  689       4       java.util.HashMap::resize (356 bytes)

Stack: [0x000000bfec800000,0x000000bfec900000]
Native frames: (J=compiled Java code, j=interpreted, Vv=VM code, C=native code)
V  [jvm.dll+0x6bc25a]
V  [jvm.dll+0x84971a]
V  [jvm.dll+0x84b315]
V  [jvm.dll+0x84ba13]
V  [jvm.dll+0x280e4f]
V  [jvm.dll+0xc2ab1]
V  [jvm.dll+0xc2dd5]
V  [jvm.dll+0x3bb612]
V  [jvm.dll+0x385b75]
V  [jvm.dll+0x384fea]
V  [jvm.dll+0x24b529]
V  [jvm.dll+0x24a921]
V  [jvm.dll+0x1ce761]
V  [jvm.dll+0x25a0eb]
V  [jvm.dll+0x2587c0]
V  [jvm.dll+0x3f2dd5]
V  [jvm.dll+0x7f5c76]
V  [jvm.dll+0x6baecb]
C  [ucrtbase.dll+0x29333]
C  [KERNEL32.DLL+0x1259d]
C  [ntdll.dll+0x5af78]


---------------  P R O C E S S  ---------------

Threads class SMR info:
_java_thread_list=0x0000028b914a9b40, length=11, elements={
0x0000028b2f92ec20, 0x0000028b4c258e30, 0x0000028b4c259a30, 0x0000028b4c25cbb0,
0x0000028b4c25fac0, 0x0000028b4c260400, 0x0000028b4c260e70, 0x0000028b4c264b00,
0x0000028b4c268ab0, 0x0000028b4c221470, 0x0000028b914ebbe0
}

Java Threads: ( => current thread )
  0x0000028b2f92ec20 JavaThread "main" [_thread_in_Java, id=74360, stack(0x000000bfebb00000,0x000000bfebc00000)]
  0x0000028b4c258e30 JavaThread "Reference Handler" daemon [_thread_blocked, id=70624, stack(0x000000bfec200000,0x000000bfec300000)]
  0x0000028b4c259a30 JavaThread "Finalizer" daemon [_thread_blocked, id=55348, stack(0x000000bfec300000,0x000000bfec400000)]
  0x0000028b4c25cbb0 JavaThread "Signal Dispatcher" daemon [_thread_blocked, id=76356, stack(0x000000bfec400000,0x000000bfec500000)]
  0x0000028b4c25fac0 JavaThread "Attach Listener" daemon [_thread_blocked, id=70164, stack(0x000000bfec500000,0x000000bfec600000)]
  0x0000028b4c260400 JavaThread "Service Thread" daemon [_thread_blocked, id=77820, stack(0x000000bfec600000,0x000000bfec700000)]
  0x0000028b4c260e70 JavaThread "Monitor Deflation Thread" daemon [_thread_blocked, id=77720, stack(0x000000bfec700000,0x000000bfec800000)]
=>0x0000028b4c264b00 JavaThread "C2 CompilerThread0" daemon [_thread_in_native, id=60912, stack(0x000000bfec800000,0x000000bfec900000)]
  0x0000028b4c268ab0 JavaThread "C1 CompilerThread0" daemon [_thread_blocked, id=77116, stack(0x000000bfec900000,0x000000bfeca00000)]
  0x0000028b4c221470 JavaThread "Common-Cleaner" daemon [_thread_blocked, id=72208, stack(0x000000bfeca00000,0x000000bfecb00000)]
  0x0000028b914ebbe0 JavaThread "Notification Thread" daemon [_thread_blocked, id=78440, stack(0x000000bfecb00000,0x000000bfecc00000)]

Other Threads:
  0x0000028b4c236ff0 VMThread "VM Thread" [stack: 0x000000bfec100000,0x000000bfec200000] [id=78768]
  0x0000028b914f8130 WatcherThread "VM Periodic Task Thread" [stack: 0x000000bfecc00000,0x000000bfecd00000] [id=55924]
  0x0000028b2f98d850 WorkerThread "GC Thread#0" [stack: 0x000000bfebc00000,0x000000bfebd00000] [id=78048]
  0x0000028b9166e1b0 WorkerThread "GC Thread#1" [stack: 0x000000bfecd00000,0x000000bfece00000] [id=64164]
  0x0000028b917992f0 WorkerThread "GC Thread#2" [stack: 0x000000bfece00000,0x000000bfecf00000] [id=53296]
  0x0000028b917999d0 WorkerThread "GC Thread#3" [stack: 0x000000bfecf00000,0x000000bfed000000] [id=70096]
  0x0000028b917fec80 WorkerThread "GC Thread#4" [stack: 0x000000bfed000000,0x000000bfed100000] [id=78316]
  0x0000028b9191e140 WorkerThread "GC Thread#5" [stack: 0x000000bfed100000,0x000000bfed200000] [id=74600]
  0x0000028b2f99e3d0 ConcurrentGCThread "G1 Main Marker" [stack: 0x000000bfebd00000,0x000000bfebe00000] [id=78088]
  0x0000028b2f99ed10 WorkerThread "G1 Conc#0" [stack: 0x000000bfebe00000,0x000000bfebf00000] [id=10132]
  0x0000028b2f9ee620 ConcurrentGCThread "G1 Refine#0" [stack: 0x000000bfebf00000,0x000000bfec000000] [id=76284]
  0x0000028b4c0f2fd0 ConcurrentGCThread "G1 Service" [stack: 0x000000bfec000000,0x000000bfec100000] [id=76060]

Threads with active compile tasks:
C2 CompilerThread0     1694  689       4       java.util.HashMap::resize (356 bytes)

VM state: not at safepoint (normal execution)

VM Mutex/Monitor currently owned by a thread: None

Heap address: 0x0000000082600000, size: 2010 MB, Compressed Oops mode: 32-bit

CDS archive(s) mapped at: [0x0000028b4c400000-0x0000028b4d060000-0x0000028b4d060000), size 12976128, SharedBaseAddress: 0x0000028b4c400000, ArchiveRelocationMode: 1.
Compressed class space mapped at: 0x0000028b4d400000-0x0000028b8d400000, reserved size: 1073741824
Narrow klass base: 0x0000028b4c400000, Narrow klass shift: 0, Narrow klass range: 0x100000000

GC Precious Log:
 CardTable entry size: 512
 Card Set container configuration: InlinePtr #cards 5 size 8 Array Of Cards #cards 12 size 40 Howl #buckets 4 coarsen threshold 1843 Howl Bitmap #cards 512 size 80 coarsen threshold 460 Card regions per heap region 1 cards per card region 2048
 CPUs: 8 total, 8 available
 Memory: 8037M
 Large Page Support: Disabled
 NUMA Support: Disabled
 Compressed Oops: Enabled (32-bit)
 Heap Region Size: 1M
 Heap Min Capacity: 8M
 Heap Initial Capacity: 8M
 Heap Max Capacity: 2010M
 Pre-touch: Disabled
 Parallel Workers: 8
 Concurrent Workers: 2
 Concurrent Refinement Workers: 8
 Periodic GC: Disabled

Heap:
 garbage-first heap   total 8192K, used 2458K [0x0000000082600000, 0x0000000100000000)
  region size 1024K, 2 young (2048K), 1 survivors (1024K)
 Metaspace       used 7772K, committed 7936K, reserved 1114112K
  class space    used 879K, committed 960K, reserved 1048576K

Heap Regions: E=young(eden), S=young(survivor), O=old, HS=humongous(starts), HC=humongous(continues), CS=collection set, F=free, OA=open archive, CA=closed archive, TAMS=top-at-mark-start, PB=parsable bottom
|   0|0x0000000082600000, 0x0000000082700000, 0x0000000082700000|100%| O|  |TAMS 0x0000000082600000| PB 0x0000000082600000| Untracked 
|   1|0x0000000082700000, 0x00000000827bb200, 0x0000000082800000| 73%| O|  |TAMS 0x0000000082700000| PB 0x0000000082700000| Untracked 
|   2|0x0000000082800000, 0x0000000082800000, 0x0000000082900000|  0%| F|  |TAMS 0x0000000082800000| PB 0x0000000082800000| Untracked 
|   3|0x0000000082900000, 0x0000000082900000, 0x0000000082a00000|  0%| F|  |TAMS 0x0000000082900000| PB 0x0000000082900000| Untracked 
|   4|0x0000000082a00000, 0x0000000082a00000, 0x0000000082b00000|  0%| F|  |TAMS 0x0000000082a00000| PB 0x0000000082a00000| Untracked 
|   5|0x0000000082b00000, 0x0000000082b00000, 0x0000000082c00000|  0%| F|  |TAMS 0x0000000082b00000| PB 0x0000000082b00000| Untracked 
|   6|0x0000000082c00000, 0x0000000082cab8f0, 0x0000000082d00000| 67%| S|CS|TAMS 0x0000000082c00000| PB 0x0000000082c00000| Complete 
|   7|0x0000000082d00000, 0x0000000082d52d98, 0x0000000082e00000| 32%| E|  |TAMS 0x0000000082d00000| PB 0x0000000082d00000| Complete 

Card table byte_map: [0x0000028b47120000,0x0000028b47510000] _byte_map_base: 0x0000028b46d0d000

Marking Bits: (CMBitMap*) 0x0000028b2f98dd90
 Bits: [0x0000028b47900000, 0x0000028b49868000)

Polling page: 0x0000028b2f0f0000

Metaspace:

Usage:
  Non-class:      6.73 MB used.
      Class:    879.14 KB used.
       Both:      7.59 MB used.

Virtual space:
  Non-class space:       64.00 MB reserved,       6.81 MB ( 11%) committed,  1 nodes.
      Class space:        1.00 GB reserved,     960.00 KB ( <1%) committed,  1 nodes.
             Both:        1.06 GB reserved,       7.75 MB ( <1%) committed. 

Chunk freelists:
   Non-Class:  2.60 MB
       Class:  2.98 MB
        Both:  5.58 MB

MaxMetaspaceSize: unlimited
CompressedClassSpaceSize: 1.00 GB
Initial GC threshold: 21.00 MB
Current GC threshold: 21.00 MB
CDS: on
MetaspaceReclaimPolicy: balanced
 - commit_granule_bytes: 65536.
 - commit_granule_words: 8192.
 - virtual_space_node_default_size: 8388608.
 - enlarge_chunks_in_place: 1.
 - new_chunks_are_fully_committed: 0.
 - uncommit_free_chunks: 1.
 - use_allocation_guard: 0.


Internal statistics:

num_allocs_failed_limit: 0.
num_arena_births: 54.
num_arena_deaths: 0.
num_vsnodes_births: 2.
num_vsnodes_deaths: 0.
num_space_committed: 124.
num_space_uncommitted: 0.
num_chunks_returned_to_freelist: 0.
num_chunks_taken_from_freelist: 303.
num_chunk_merges: 0.
num_chunk_splits: 221.
num_chunks_enlarged: 180.
num_inconsistent_stats: 0.

CodeHeap 'non-profiled nmethods': size=120000Kb used=209Kb max_used=209Kb free=119791Kb
 bounds [0x0000028b3f4d0000, 0x0000028b3f740000, 0x0000028b46a00000]
CodeHeap 'profiled nmethods': size=120000Kb used=1081Kb max_used=1081Kb free=118918Kb
 bounds [0x0000028b37a00000, 0x0000028b37c70000, 0x0000028b3ef30000]
CodeHeap 'non-nmethods': size=5760Kb used=1379Kb max_used=1392Kb free=4381Kb
 bounds [0x0000028b3ef30000, 0x0000028b3f1a0000, 0x0000028b3f4d0000]
 total_blobs=1134 nmethods=708 adapters=337
 compilation: enabled
              stopped_count=0, restarted_count=0
 full_count=0

Compilation events (20 events):
Event: 1.616 Thread 0x0000028b4c264b00  689       4       java.util.HashMap::resize (356 bytes)
Event: 1.617 Thread 0x0000028b4c268ab0 nmethod 688 0x0000028b37b02690 code [0x0000028b37b02860, 0x0000028b37b02c88]
Event: 1.617 Thread 0x0000028b4c268ab0  687       3       java.util.Collections::emptyMap (4 bytes)
Event: 1.617 Thread 0x0000028b4c268ab0 nmethod 687 0x0000028b37b02e90 code [0x0000028b37b03020, 0x0000028b37b03118]
Event: 1.617 Thread 0x0000028b4c268ab0  691       3       java.lang.invoke.Invokers$Holder::linkToTargetMethod (9 bytes)
Event: 1.617 Thread 0x0000028b4c268ab0 nmethod 691 0x0000028b37b03190 code [0x0000028b37b03340, 0x0000028b37b03678]
Event: 1.617 Thread 0x0000028b4c268ab0  692       3       java.lang.invoke.DirectMethodHandle$Holder::newInvokeSpecial (21 bytes)
Event: 1.617 Thread 0x0000028b4c268ab0 nmethod 692 0x0000028b37b03790 code [0x0000028b37b03960, 0x0000028b37b03f80]
Event: 1.617 Thread 0x0000028b4c268ab0  693       3       com.sun.tools.javac.jvm.PoolReader$ImmutablePoolHelper::checkIndex (63 bytes)
Event: 1.618 Thread 0x0000028b4c268ab0 nmethod 693 0x0000028b37b04110 code [0x0000028b37b04340, 0x0000028b37b04f68]
Event: 1.618 Thread 0x0000028b4c268ab0  696       3       com.sun.tools.javac.jvm.PoolReader$ImmutablePoolHelper::offset (11 bytes)
Event: 1.618 Thread 0x0000028b4c268ab0 nmethod 696 0x0000028b37b05310 code [0x0000028b37b054a0, 0x0000028b37b05608]
Event: 1.618 Thread 0x0000028b4c268ab0  690       3       com.sun.tools.javac.util.List::prepend (10 bytes)
Event: 1.619 Thread 0x0000028b4c268ab0 nmethod 690 0x0000028b37b05710 code [0x0000028b37b058c0, 0x0000028b37b05c00]
Event: 1.619 Thread 0x0000028b4c268ab0  698       3       com.sun.tools.javac.jvm.PoolReader$ImmutablePoolHelper::tag (16 bytes)
Event: 1.619 Thread 0x0000028b4c268ab0 nmethod 698 0x0000028b37b05d10 code [0x0000028b37b05ec0, 0x0000028b37b060d8]
Event: 1.619 Thread 0x0000028b4c268ab0  697       3       java.util.HashMap::getOrDefault (19 bytes)
Event: 1.619 Thread 0x0000028b4c268ab0 nmethod 697 0x0000028b37b06290 code [0x0000028b37b06420, 0x0000028b37b065b8]
Event: 1.619 Thread 0x0000028b4c268ab0  695       3       com.sun.tools.javac.code.Type::<init> (20 bytes)
Event: 1.619 Thread 0x0000028b4c268ab0 nmethod 695 0x0000028b37b06690 code [0x0000028b37b06860, 0x0000028b37b06cb8]

GC Heap History (8 events):
Event: 0.456 GC heap before
{Heap before GC invocations=0 (full 0):
 garbage-first heap   total 8192K, used 2048K [0x0000000082600000, 0x0000000100000000)
  region size 1024K, 3 young (3072K), 0 survivors (0K)
 Metaspace       used 2602K, committed 2688K, reserved 1114112K
  class space    used 336K, committed 384K, reserved 1048576K
}
Event: 0.460 GC heap after
{Heap after GC invocations=1 (full 0):
 garbage-first heap   total 8192K, used 1280K [0x0000000082600000, 0x0000000100000000)
  region size 1024K, 1 young (1024K), 1 survivors (1024K)
 Metaspace       used 2602K, committed 2688K, reserved 1114112K
  class space    used 336K, committed 384K, reserved 1048576K
}
Event: 0.690 GC heap before
{Heap before GC invocations=1 (full 0):
 garbage-first heap   total 8192K, used 1280K [0x0000000082600000, 0x0000000100000000)
  region size 1024K, 2 young (2048K), 1 survivors (1024K)
 Metaspace       used 5060K, committed 5184K, reserved 1114112K
  class space    used 605K, committed 640K, reserved 1048576K
}
Event: 0.694 GC heap after
{Heap after GC invocations=2 (full 0):
 garbage-first heap   total 8192K, used 1913K [0x0000000082600000, 0x0000000100000000)
  region size 1024K, 1 young (1024K), 1 survivors (1024K)
 Metaspace       used 5060K, committed 5184K, reserved 1114112K
  class space    used 605K, committed 640K, reserved 1048576K
}
Event: 1.238 GC heap before
{Heap before GC invocations=2 (full 0):
 garbage-first heap   total 8192K, used 2937K [0x0000000082600000, 0x0000000100000000)
  region size 1024K, 2 young (2048K), 1 survivors (1024K)
 Metaspace       used 6607K, committed 6720K, reserved 1114112K
  class space    used 774K, committed 832K, reserved 1048576K
}
Event: 1.240 GC heap after
{Heap after GC invocations=3 (full 0):
 garbage-first heap   total 8192K, used 2184K [0x0000000082600000, 0x0000000100000000)
  region size 1024K, 1 young (1024K), 1 survivors (1024K)
 Metaspace       used 6607K, committed 6720K, reserved 1114112K
  class space    used 774K, committed 832K, reserved 1048576K
}
Event: 1.602 GC heap before
{Heap before GC invocations=3 (full 0):
 garbage-first heap   total 8192K, used 3208K [0x0000000082600000, 0x0000000100000000)
  region size 1024K, 2 young (2048K), 1 survivors (1024K)
 Metaspace       used 7669K, committed 7872K, reserved 1114112K
  class space    used 867K, committed 960K, reserved 1048576K
}
Event: 1.605 GC heap after
{Heap after GC invocations=4 (full 0):
 garbage-first heap   total 8192K, used 2458K [0x0000000082600000, 0x0000000100000000)
  region size 1024K, 1 young (1024K), 1 survivors (1024K)
 Metaspace       used 7669K, committed 7872K, reserved 1114112K
  class space    used 867K, committed 960K, reserved 1048576K
}

Dll operation events (5 events):
Event: 0.009 Loaded shared library C:\Program Files\Java\jdk-20\bin\java.dll
Event: 0.033 Loaded shared library C:\Program Files\Java\jdk-20\bin\jsvml.dll
Event: 0.105 Loaded shared library C:\Program Files\Java\jdk-20\bin\jimage.dll
Event: 0.340 Loaded shared library C:\Program Files\Java\jdk-20\bin\net.dll
Event: 0.342 Loaded shared library C:\Program Files\Java\jdk-20\bin\nio.dll

Deoptimization events (20 events):
Event: 0.317 Thread 0x0000028b2f92ec20 Uncommon trap: trap_request=0xffffffc6 fr.pc=0x0000028b3f4ddc94 relative=0x0000000000000b94
Event: 0.317 Thread 0x0000028b2f92ec20 Uncommon trap: reason=bimorphic_or_optimized_type_check action=maybe_recompile pc=0x0000028b3f4ddc94 method=java.util.HashMap.putVal(ILjava/lang/Object;Ljava/lang/Object;ZZ)Ljava/lang/Object; @ 56 c2
Event: 0.317 Thread 0x0000028b2f92ec20 DEOPT PACKING pc=0x0000028b3f4ddc94 sp=0x000000bfebbfe000
Event: 0.317 Thread 0x0000028b2f92ec20 DEOPT UNPACKING pc=0x0000028b3ef99d22 sp=0x000000bfebbfdf98 mode 2
Event: 0.317 Thread 0x0000028b2f92ec20 Uncommon trap: trap_request=0xffffffc6 fr.pc=0x0000028b3f4ddc94 relative=0x0000000000000b94
Event: 0.317 Thread 0x0000028b2f92ec20 Uncommon trap: reason=bimorphic_or_optimized_type_check action=maybe_recompile pc=0x0000028b3f4ddc94 method=java.util.HashMap.putVal(ILjava/lang/Object;Ljava/lang/Object;ZZ)Ljava/lang/Object; @ 56 c2
Event: 0.317 Thread 0x0000028b2f92ec20 DEOPT PACKING pc=0x0000028b3f4ddc94 sp=0x000000bfebbfe000
Event: 0.317 Thread 0x0000028b2f92ec20 DEOPT UNPACKING pc=0x0000028b3ef99d22 sp=0x000000bfebbfdf98 mode 2
Event: 0.435 Thread 0x0000028b2f92ec20 DEOPT PACKING pc=0x0000028b37a256d7 sp=0x000000bfebbf8e50
Event: 0.435 Thread 0x0000028b2f92ec20 DEOPT UNPACKING pc=0x0000028b3ef9a4c2 sp=0x000000bfebbf8270 mode 0
Event: 0.472 Thread 0x0000028b2f92ec20 DEOPT PACKING pc=0x0000028b37a24a41 sp=0x000000bfebbfa2d0
Event: 0.472 Thread 0x0000028b2f92ec20 DEOPT UNPACKING pc=0x0000028b3ef9a4c2 sp=0x000000bfebbf9748 mode 0
Event: 0.827 Thread 0x0000028b2f92ec20 Uncommon trap: trap_request=0xffffff45 fr.pc=0x0000028b3f4f04e0 relative=0x0000000000000980
Event: 0.827 Thread 0x0000028b2f92ec20 Uncommon trap: reason=unstable_if action=reinterpret pc=0x0000028b3f4f04e0 method=java.util.HashMap.putVal(ILjava/lang/Object;Ljava/lang/Object;ZZ)Ljava/lang/Object; @ 181 c2
Event: 0.827 Thread 0x0000028b2f92ec20 DEOPT PACKING pc=0x0000028b3f4f04e0 sp=0x000000bfebbfe0a0
Event: 0.827 Thread 0x0000028b2f92ec20 DEOPT UNPACKING pc=0x0000028b3ef99d22 sp=0x000000bfebbfe050 mode 2
Event: 1.261 Thread 0x0000028b2f92ec20 Uncommon trap: trap_request=0xffffff45 fr.pc=0x0000028b3f4f5730 relative=0x00000000000004f0
Event: 1.261 Thread 0x0000028b2f92ec20 Uncommon trap: reason=unstable_if action=reinterpret pc=0x0000028b3f4f5730 method=java.lang.StringLatin1.replace([BCC)Ljava/lang/String; @ 19 c2
Event: 1.261 Thread 0x0000028b2f92ec20 DEOPT PACKING pc=0x0000028b3f4f5730 sp=0x000000bfebbfe930
Event: 1.261 Thread 0x0000028b2f92ec20 DEOPT UNPACKING pc=0x0000028b3ef99d22 sp=0x000000bfebbfe8b0 mode 2

Classes loaded (20 events):
Event: 1.486 Loading class java/util/stream/AbstractSpinedBuffer done
Event: 1.486 Loading class java/util/stream/SpinedBuffer done
Event: 1.487 Loading class java/util/stream/StreamSpliterators
Event: 1.487 Loading class java/util/stream/StreamSpliterators done
Event: 1.487 Loading class java/util/function/BooleanSupplier
Event: 1.487 Loading class java/util/function/BooleanSupplier done
Event: 1.488 Loading class jdk/internal/jimage/ImageReader$Resource
Event: 1.488 Loading class jdk/internal/jimage/ImageReader$Resource done
Event: 1.489 Loading class jdk/internal/jrtfs/JrtFileAttributes
Event: 1.489 Loading class jdk/internal/jrtfs/JrtFileAttributes done
Event: 1.489 Loading class java/util/Collections$SingletonList
Event: 1.489 Loading class java/util/Collections$SingletonList done
Event: 1.502 Loading class java/util/LinkedHashMap$LinkedValues
Event: 1.502 Loading class java/util/LinkedHashMap$LinkedValues done
Event: 1.502 Loading class java/util/LinkedHashMap$LinkedValueIterator
Event: 1.502 Loading class java/util/LinkedHashMap$LinkedValueIterator done
Event: 1.502 Loading class java/util/regex/Pattern$Bound
Event: 1.502 Loading class java/util/regex/Pattern$Bound done
Event: 1.611 Loading class java/util/BitSet
Event: 1.611 Loading class java/util/BitSet done

Classes unloaded (0 events):
No events

Classes redefined (0 events):
No events

Internal exceptions (12 events):
Event: 0.311 Thread 0x0000028b2f92ec20 Exception <a 'java/lang/NoSuchMethodError'{0x0000000082cff950}: 'void java.lang.invoke.DirectMethodHandle$Holder.invokeSpecial(java.lang.Object, java.lang.Object, java.lang.Object)'> (0x0000000082cff950) 
thrown [s\open\src\hotspot\share\interpreter\linkResolver.cpp, line 773]
Event: 0.394 Thread 0x0000028b2f92ec20 Exception <a 'java/lang/NoSuchMethodError'{0x0000000082b439d8}: 'int java.lang.invoke.DirectMethodHandle$Holder.invokeVirtual(java.lang.Object, java.lang.Object, java.lang.Object)'> (0x0000000082b439d8) 
thrown [s\open\src\hotspot\share\interpreter\linkResolver.cpp, line 773]
Event: 0.396 Thread 0x0000028b2f92ec20 Exception <a 'java/lang/NoSuchMethodError'{0x0000000082b49c88}: 'void java.lang.invoke.DirectMethodHandle$Holder.invokeInterface(java.lang.Object, java.lang.Object, java.lang.Object)'> (0x0000000082b49c88) 
thrown [s\open\src\hotspot\share\interpreter\linkResolver.cpp, line 773]
Event: 0.515 Thread 0x0000028b2f92ec20 Exception <a 'java/lang/NoSuchMethodError'{0x0000000082d7a850}: 'int java.lang.invoke.DirectMethodHandle$Holder.invokeStaticInit(java.lang.Object, java.lang.Object)'> (0x0000000082d7a850) 
thrown [s\open\src\hotspot\share\interpreter\linkResolver.cpp, line 773]
Event: 0.777 Thread 0x0000028b2f92ec20 Exception <a 'java/lang/NoSuchMethodError'{0x0000000082d33550}: 'int java.lang.invoke.DirectMethodHandle$Holder.invokeVirtual(java.lang.Object, java.lang.Object)'> (0x0000000082d33550) 
thrown [s\open\src\hotspot\share\interpreter\linkResolver.cpp, line 773]
Event: 0.817 Thread 0x0000028b2f92ec20 Exception <a 'java/lang/NoSuchMethodError'{0x0000000082d5bcc8}: 'java.lang.Object java.lang.invoke.DirectMethodHandle$Holder.newInvokeSpecial(java.lang.Object, java.lang.Object, java.lang.Object, java.lang.Object, java.lang.Object)'> (0x0000000082d5bcc8) 
thrown [s\open\src\hotspot\share\interpreter\linkResolver.cpp, line 773]
Event: 0.822 Thread 0x0000028b2f92ec20 Exception <a 'java/lang/NoSuchMethodError'{0x0000000082d6a448}: 'java.lang.Object java.lang.invoke.DirectMethodHandle$Holder.newInvokeSpecial(java.lang.Object, java.lang.Object, java.lang.Object, java.lang.Object, java.lang.Object, java.lang.Object)'> (0x0000000082d6a448) 
thrown [s\open\src\hotspot\share\interpreter\linkResolver.cpp, line 773]
Event: 0.920 Thread 0x0000028b2f92ec20 Exception <a 'java/lang/NoSuchMethodError'{0x0000000082db3960}: 'java.lang.Object java.lang.invoke.DirectMethodHandle$Holder.invokeVirtual(java.lang.Object, java.lang.Object, java.lang.Object)'> (0x0000000082db3960) 
thrown [s\open\src\hotspot\share\interpreter\linkResolver.cpp, line 773]
Event: 0.926 Thread 0x0000028b2f92ec20 Exception <a 'java/lang/NoSuchMethodError'{0x0000000082dbe580}: 'int java.lang.invoke.DirectMethodHandle$Holder.invokeInterface(java.lang.Object, java.lang.Object)'> (0x0000000082dbe580) 
thrown [s\open\src\hotspot\share\interpreter\linkResolver.cpp, line 773]
Event: 0.928 Thread 0x0000028b2f92ec20 Exception <a 'sun/nio/fs/WindowsException'{0x0000000082dc4d20}> (0x0000000082dc4d20) 
thrown [s\open\src\hotspot\share\prims\jni.cpp, line 519]
Event: 1.613 Thread 0x0000028b2f92ec20 Exception <a 'java/lang/NoSuchMethodError'{0x0000000082d1bf88}: 'java.lang.Object java.lang.invoke.DirectMethodHandle$Holder.invokeVirtual(java.lang.Object, java.lang.Object, java.lang.Object, int, int)'> (0x0000000082d1bf88) 
thrown [s\open\src\hotspot\share\interpreter\linkResolver.cpp, line 773]
Event: 1.614 Thread 0x0000028b2f92ec20 Exception <a 'java/lang/NoSuchMethodError'{0x0000000082d22d70}: 'java.lang.Object java.lang.invoke.DirectMethodHandle$Holder.invokeVirtual(java.lang.Object, java.lang.Object, int)'> (0x0000000082d22d70) 
thrown [s\open\src\hotspot\share\interpreter\linkResolver.cpp, line 773]

VM Operations (18 events):
Event: 0.085 Executing VM operation: HandshakeAllThreads
Event: 0.085 Executing VM operation: HandshakeAllThreads done
Event: 0.316 Executing VM operation: HandshakeAllThreads
Event: 0.316 Executing VM operation: HandshakeAllThreads done
Event: 0.417 Executing VM operation: HandshakeAllThreads
Event: 0.417 Executing VM operation: HandshakeAllThreads done
Event: 0.456 Executing VM operation: G1CollectForAllocation
Event: 0.460 Executing VM operation: G1CollectForAllocation done
Event: 0.690 Executing VM operation: G1CollectForAllocation
Event: 0.694 Executing VM operation: G1CollectForAllocation done
Event: 0.933 Executing VM operation: HandshakeAllThreads
Event: 0.933 Executing VM operation: HandshakeAllThreads done
Event: 1.238 Executing VM operation: G1CollectForAllocation
Event: 1.240 Executing VM operation: G1CollectForAllocation done
Event: 1.482 Executing VM operation: HandshakeAllThreads
Event: 1.482 Executing VM operation: HandshakeAllThreads done
Event: 1.602 Executing VM operation: G1CollectForAllocation
Event: 1.605 Executing VM operation: G1CollectForAllocation done

Events (11 events):
Event: 0.033 Thread 0x0000028b2f92ec20 Thread added: 0x0000028b2f92ec20
Event: 0.044 Thread 0x0000028b4c258e30 Thread added: 0x0000028b4c258e30
Event: 0.044 Thread 0x0000028b4c259a30 Thread added: 0x0000028b4c259a30
Event: 0.044 Thread 0x0000028b4c25cbb0 Thread added: 0x0000028b4c25cbb0
Event: 0.044 Thread 0x0000028b4c25fac0 Thread added: 0x0000028b4c25fac0
Event: 0.045 Thread 0x0000028b4c260400 Thread added: 0x0000028b4c260400
Event: 0.045 Thread 0x0000028b4c260e70 Thread added: 0x0000028b4c260e70
Event: 0.045 Thread 0x0000028b4c264b00 Thread added: 0x0000028b4c264b00
Event: 0.045 Thread 0x0000028b4c268ab0 Thread added: 0x0000028b4c268ab0
Event: 0.073 Thread 0x0000028b4c221470 Thread added: 0x0000028b4c221470
Event: 0.102 Thread 0x0000028b914ebbe0 Thread added: 0x0000028b914ebbe0


Dynamic libraries:
0x00007ff7300a0000 - 0x00007ff7300a8000 	C:\Program Files\Java\jdk-20\bin\javac.exe
0x00007ff8ea190000 - 0x00007ff8ea3a7000 	C:\WINDOWS\SYSTEM32\ntdll.dll
0x00007ff8e8b10000 - 0x00007ff8e8bd4000 	C:\WINDOWS\System32\KERNEL32.DLL
0x00007ff8e75b0000 - 0x00007ff8e7982000 	C:\WINDOWS\System32\KERNELBASE.dll
0x00007ff8e7c60000 - 0x00007ff8e7d71000 	C:\WINDOWS\System32\ucrtbase.dll
0x00007ff891710000 - 0x00007ff89172b000 	C:\Program Files\Java\jdk-20\bin\VCRUNTIME140.dll
0x00007ff871990000 - 0x00007ff8719a9000 	C:\Program Files\Java\jdk-20\bin\jli.dll
0x00007ff8e9d80000 - 0x00007ff8e9e31000 	C:\WINDOWS\System32\ADVAPI32.dll
0x00007ff8e8270000 - 0x00007ff8e8317000 	C:\WINDOWS\System32\msvcrt.dll
0x00007ff8e8a60000 - 0x00007ff8e8b08000 	C:\WINDOWS\System32\sechost.dll
0x00007ff8e7c30000 - 0x00007ff8e7c58000 	C:\WINDOWS\System32\bcrypt.dll
0x00007ff8e83d0000 - 0x00007ff8e84e4000 	C:\WINDOWS\System32\RPCRT4.dll
0x00007ff8e7e80000 - 0x00007ff8e8031000 	C:\WINDOWS\System32\USER32.dll
0x00007ff8cdaf0000 - 0x00007ff8cdd8b000 	C:\WINDOWS\WinSxS\amd64_microsoft.windows.common-controls_6595b64144ccf1df_6.0.22621.5547_none_27104afb73855772\COMCTL32.dll
0x00007ff8e7580000 - 0x00007ff8e75a6000 	C:\WINDOWS\System32\win32u.dll
0x00007ff8e8be0000 - 0x00007ff8e8c09000 	C:\WINDOWS\System32\GDI32.dll
0x00007ff8e7b00000 - 0x00007ff8e7c23000 	C:\WINDOWS\System32\gdi32full.dll
0x00007ff8e7d80000 - 0x00007ff8e7e1a000 	C:\WINDOWS\System32\msvcp_win.dll
0x00007ff8e1c20000 - 0x00007ff8e1c2a000 	C:\WINDOWS\SYSTEM32\VERSION.dll
0x00007ff8e9b40000 - 0x00007ff8e9b71000 	C:\WINDOWS\System32\IMM32.DLL
0x00007ff8a5170000 - 0x00007ff8a517c000 	C:\Program Files\Java\jdk-20\bin\vcruntime140_1.dll
0x00007ff870ae0000 - 0x00007ff870b6e000 	C:\Program Files\Java\jdk-20\bin\msvcp140.dll
0x00007ff8233f0000 - 0x00007ff824088000 	C:\Program Files\Java\jdk-20\bin\server\jvm.dll
0x00007ff8c9680000 - 0x00007ff8c9689000 	C:\WINDOWS\SYSTEM32\WSOCK32.dll
0x00007ff8cb490000 - 0x00007ff8cb4c4000 	C:\WINDOWS\SYSTEM32\WINMM.dll
0x00007ff8e9b80000 - 0x00007ff8e9bf1000 	C:\WINDOWS\System32\WS2_32.dll
0x00007ff8e6360000 - 0x00007ff8e6378000 	C:\WINDOWS\SYSTEM32\kernel.appcore.dll
0x00007ff8a5000000 - 0x00007ff8a500a000 	C:\Program Files\Java\jdk-20\bin\jimage.dll
0x00007ff8e4670000 - 0x00007ff8e48a3000 	C:\WINDOWS\SYSTEM32\DBGHELP.DLL
0x00007ff8e84f0000 - 0x00007ff8e8883000 	C:\WINDOWS\System32\combase.dll
0x00007ff8e9e40000 - 0x00007ff8e9f17000 	C:\WINDOWS\System32\OLEAUT32.dll
0x00007ff8c68b0000 - 0x00007ff8c68e2000 	C:\WINDOWS\SYSTEM32\dbgcore.DLL
0x00007ff8e7500000 - 0x00007ff8e757b000 	C:\WINDOWS\System32\bcryptPrimitives.dll
0x00007ff871900000 - 0x00007ff871926000 	C:\Program Files\Java\jdk-20\bin\java.dll
0x00007ff840950000 - 0x00007ff840a27000 	C:\Program Files\Java\jdk-20\bin\jsvml.dll
0x00007ff8e8c10000 - 0x00007ff8e94b2000 	C:\WINDOWS\System32\SHELL32.dll
0x00007ff8e7280000 - 0x00007ff8e73bf000 	C:\WINDOWS\System32\wintypes.dll
0x00007ff8e5160000 - 0x00007ff8e5a7d000 	C:\WINDOWS\SYSTEM32\windows.storage.dll
0x00007ff8e95b0000 - 0x00007ff8e96bc000 	C:\WINDOWS\System32\SHCORE.dll
0x00007ff8e8050000 - 0x00007ff8e80b9000 	C:\WINDOWS\System32\shlwapi.dll
0x00007ff8e71b0000 - 0x00007ff8e71db000 	C:\WINDOWS\SYSTEM32\profapi.dll
0x00007ff871970000 - 0x00007ff871983000 	C:\Program Files\Java\jdk-20\bin\net.dll
0x00007ff8e2770000 - 0x00007ff8e289c000 	C:\WINDOWS\SYSTEM32\WINHTTP.dll
0x00007ff8e67d0000 - 0x00007ff8e6839000 	C:\WINDOWS\system32\mswsock.dll
0x00007ff8714a0000 - 0x00007ff8714b6000 	C:\Program Files\Java\jdk-20\bin\nio.dll

dbghelp: loaded successfully - version: 4.0.5 - missing functions: none
symbol engine: initialized successfully - sym options: 0x614 - pdb path: .;C:\Program Files\Java\jdk-20\bin;C:\WINDOWS\SYSTEM32;C:\WINDOWS\WinSxS\amd64_microsoft.windows.common-controls_6595b64144ccf1df_6.0.22621.5547_none_27104afb73855772;C:\Program Files\Java\jdk-20\bin\server

VM Arguments:
jvm_args: -Dapplication.home=C:\Program Files\Java\jdk-20 --add-modules=ALL-DEFAULT -Xms8m -Djdk.module.main=jdk.compiler 
java_command: jdk.compiler/com.sun.tools.javac.Main accessmodiers1.java
java_class_path (initial): <not set>
Launcher Type: SUN_STANDARD

[Global flags]
     intx CICompilerCount                          = 4                                         {product} {ergonomic}
     uint ConcGCThreads                            = 2                                         {product} {ergonomic}
     uint G1ConcRefinementThreads                  = 8                                         {product} {ergonomic}
   size_t G1HeapRegionSize                         = 1048576                                   {product} {ergonomic}
    uintx GCDrainStackTargetSize                   = 64                                        {product} {ergonomic}
   size_t InitialHeapSize                          = 8388608                                   {product} {command line}
   size_t MarkStackSize                            = 4194304                                   {product} {ergonomic}
   size_t MaxHeapSize                              = 2107637760                                {product} {ergonomic}
   size_t MaxNewSize                               = 1264582656                                {product} {ergonomic}
   size_t MinHeapDeltaBytes                        = 1048576                                   {product} {ergonomic}
   size_t MinHeapSize                              = 8388608                                   {product} {command line}
    uintx NonNMethodCodeHeapSize                   = 5839372                                {pd product} {ergonomic}
    uintx NonProfiledCodeHeapSize                  = 122909434                              {pd product} {ergonomic}
    uintx ProfiledCodeHeapSize                     = 122909434                              {pd product} {ergonomic}
    uintx ReservedCodeCacheSize                    = 251658240                              {pd product} {ergonomic}
     bool SegmentedCodeCache                       = true                                      {product} {ergonomic}
   size_t SoftMaxHeapSize                          = 2107637760                             {manageable} {ergonomic}
     bool UseCompressedClassPointers               = true                           {product lp64_product} {ergonomic}
     bool UseCompressedOops                        = true                           {product lp64_product} {ergonomic}
     bool UseG1GC                                  = true                                      {product} {ergonomic}
     bool UseLargePagesIndividualAllocation        = false                                  {pd product} {ergonomic}

Logging:
Log output configuration:
 #0: stdout all=warning uptime,level,tags foldmultilines=false
 #1: stderr all=off uptime,level,tags foldmultilines=false

Environment Variables:
JAVA_HOME=C:\Program Files\Java\jdk-20
PATH=C:\Python314\Scripts\;C:\Python314\;C:\Program Files\Common Files\Oracle\Java\javapath;C:\oracle\product\10.2.0\db_1\bin;C:\Windows\system32;C:\Windows;C:\Windows\System32\Wbem;C:\Windows\System32\WindowsPowerShell\v1.0\;C:\Windows\System32\OpenSSH\;C:\Program Files (x86)\NVIDIA Corporation\PhysX\Common;C:\Program Files\NVIDIA Corporation\NVIDIA NvDLISR;C:\WINDOWS\system32;C:\WINDOWS;C:\WINDOWS\System32\Wbem;C:\WINDOWS\System32\WindowsPowerShell\v1.0\;C:\WINDOWS\System32\OpenSSH\;C:\Program Files\Java\jdk-20\bin;C:\Program Files\Git\cmd;C:\Program Files\Tesseract-OCR;C:\Program Files\dotnet\;C:\Program Files\nodejs\;C:\ProgramData\chocolatey\bin;C:\Program Files\MySQL\MySQL Shell 8.0\bin\;C:\Users\karnam harika\AppData\Local\Programs\Python\Python38\Scripts\;C:\Users\karnam harika\AppData\Local\Programs\Python\Python38\;C:\Users\karnam harika\AppData\Local\Programs\Python\Launcher\;C:\Users\karnam harika\AppData\Local\Microsoft\WindowsApps;;C:\Users\karnam harika\AppData\Local\Programs\Microsoft VS Code\bin;C:\Users\karnam harika\AppData\Roaming\npm
USERNAME=karnam harika
OS=Windows_NT
PROCESSOR_IDENTIFIER=Intel64 Family 6 Model 142 Stepping 12, GenuineIntel
TMP=C:\Users\KARNAM~1\AppData\Local\Temp
TEMP=C:\Users\KARNAM~1\AppData\Local\Temp




---------------  S Y S T E M  ---------------

OS:
 Windows 11 , 64 bit Build 22621 (10.0.22621.5415)
OS uptime: 0 days 16:54 hours
Hyper-V role detected

CPU: total 8 (initial active 8) (4 cores per cpu, 2 threads per core) family 6 model 142 stepping 12 microcode 0xea, cx8, cmov, fxsr, ht, mmx, 3dnowpref, sse, sse2, sse3, ssse3, sse4.1, sse4.2, popcnt, lzcnt, tsc, tscinvbit, avx, avx2, aes, erms, clmul, bmi1, bmi2, adx, fma, vzeroupper, clflush, clflushopt, hv, rdtscp, f16c

Memory: 4k page, system-wide physical 8037M (368M free)
TotalPageFile size 17328M (AvailPageFile size 0M)
current process WorkingSet (physical memory assigned to process): 60M, peak: 60M
current process commit charge ("private bytes"): 98M, peak: 98M

vm_info: Java HotSpot(TM) 64-Bit Server VM (20.0.2+9-78) for windows-amd64 JRE (20.0.2+9-78), built on 2023-06-14T10:08:48Z by "mach5one" with MS VC++ 17.1 (VS2022)

END.
